Determining if the pthread_create exist failed with the following output:
Change Dir: /home/srikbha/SDC/Mine/CarND-Capstone-master/ros/build/CMakeFiles/CMakeTmp

Run Build Command:"/usr/bin/make" "cmTC_1766d/fast"
/usr/bin/make -f CMakeFiles/cmTC_1766d.dir/build.make CMakeFiles/cmTC_1766d.dir/build
make[1]: Entering directory '/home/srikbha/SDC/Mine/CarND-Capstone-master/ros/build/CMakeFiles/CMakeTmp'
Building C object CMakeFiles/cmTC_1766d.dir/CheckSymbolExists.c.o
/usr/bin/cc     -o CMakeFiles/cmTC_1766d.dir/CheckSymbolExists.c.o   -c /home/srikbha/SDC/Mine/CarND-Capstone-master/ros/build/CMakeFiles/CMakeTmp/CheckSymbolExists.c
Linking C executable cmTC_1766d
/usr/bin/cmake -E cmake_link_script CMakeFiles/cmTC_1766d.dir/link.txt --verbose=1
/usr/bin/cc       CMakeFiles/cmTC_1766d.dir/CheckSymbolExists.c.o  -o cmTC_1766d -rdynamic 
CMakeFiles/cmTC_1766d.dir/CheckSymbolExists.c.o: In function `main':
CheckSymbolExists.c:(.text+0x16): undefined reference to `pthread_create'
collect2: error: ld returned 1 exit status
CMakeFiles/cmTC_1766d.dir/build.make:97: recipe for target 'cmTC_1766d' failed
make[1]: *** [cmTC_1766d] Error 1
make[1]: Leaving directory '/home/srikbha/SDC/Mine/CarND-Capstone-master/ros/build/CMakeFiles/CMakeTmp'
Makefile:126: recipe for target 'cmTC_1766d/fast' failed
make: *** [cmTC_1766d/fast] Error 2

File /home/srikbha/SDC/Mine/CarND-Capstone-master/ros/build/CMakeFiles/CMakeTmp/CheckSymbolExists.c:
/* */
#include <pthread.h>

int main(int argc, char** argv)
{
  (void)argv;
#ifndef pthread_create
  return ((int*)(&pthread_create))[argc];
#else
  (void)argc;
  return 0;
#endif
}

Determining if the function pthread_create exists in the pthreads failed with the following output:
Change Dir: /home/srikbha/SDC/Mine/CarND-Capstone-master/ros/build/CMakeFiles/CMakeTmp

Run Build Command:"/usr/bin/make" "cmTC_ae287/fast"
/usr/bin/make -f CMakeFiles/cmTC_ae287.dir/build.make CMakeFiles/cmTC_ae287.dir/build
make[1]: Entering directory '/home/srikbha/SDC/Mine/CarND-Capstone-master/ros/build/CMakeFiles/CMakeTmp'
Building C object CMakeFiles/cmTC_ae287.dir/CheckFunctionExists.c.o
/usr/bin/cc    -DCHECK_FUNCTION_EXISTS=pthread_create   -o CMakeFiles/cmTC_ae287.dir/CheckFunctionExists.c.o   -c /usr/share/cmake-3.5/Modules/CheckFunctionExists.c
Linking C executable cmTC_ae287
/usr/bin/cmake -E cmake_link_script CMakeFiles/cmTC_ae287.dir/link.txt --verbose=1
/usr/bin/cc   -DCHECK_FUNCTION_EXISTS=pthread_create    CMakeFiles/cmTC_ae287.dir/CheckFunctionExists.c.o  -o cmTC_ae287 -rdynamic -lpthreads 
/usr/bin/ld: cannot find -lpthreads
collect2: error: ld returned 1 exit status
CMakeFiles/cmTC_ae287.dir/build.make:97: recipe for target 'cmTC_ae287' failed
make[1]: *** [cmTC_ae287] Error 1
make[1]: Leaving directory '/home/srikbha/SDC/Mine/CarND-Capstone-master/ros/build/CMakeFiles/CMakeTmp'
Makefile:126: recipe for target 'cmTC_ae287/fast' failed
make: *** [cmTC_ae287/fast] Error 2


